[03:59:22] INFO   | MAIN         | === Analysis Start: AAPL ===
[03:59:22] INFO   | MAIN         | Mode: dry-run
[03:59:29] INFO   | MAIN         | === Analysis Start: AAPL ===
[03:59:29] INFO   | MAIN         | Mode: --live
[03:59:29] INFO   | FETCH        | Starting data fetch for AAPL
[03:59:29] INFO   | FETCH        | Starting data fetch for AAPL
[03:59:29] INFO   | FETCH        | Attempting Alpha Vantage fetch
[03:59:29] INFO   | FETCH        | Alpha Vantage quote | Latency: .116898986s
[03:59:41] INFO   | FETCH        | Looking up SEC CIK
[03:59:42] INFO   | FETCH        | SEC CIK lookup | Latency: .370546881s
[03:59:44] INFO   | MAIN         | Starting parallel execution of 8 frameworks
[03:59:44] INFO   | 01-phase     | Launched (PID: 643312)
[03:59:44] INFO   | 02-metrics   | Launched (PID: 643315)
[03:59:44] INFO   | 03-ai-moat   | Launched (PID: 643327)
[03:59:44] INFO   | 04-strategic-moat | Launched (PID: 643344)
[03:59:44] INFO   | 05-sentiment | Launched (PID: 643360)
[03:59:44] INFO   | 06-growth    | Launched (PID: 643378)
[03:59:44] INFO   | 07-business  | Launched (PID: 643405)
[03:59:44] INFO   | 08-risk      | Launched (PID: 643422)
[03:59:44] INFO   | 02-metrics   | Checking cache
[03:59:44] INFO   | 01-phase     | Checking cache
[03:59:44] INFO   | 02-metrics   | Cache MISS - calling API
[03:59:44] INFO   | 01-phase     | Cache MISS - calling API
[03:59:44] INFO   | 05-sentiment | Checking cache
[03:59:44] INFO   | 03-ai-moat   | Checking cache
[03:59:44] INFO   | 04-strategic-moat | Checking cache
[03:59:44] INFO   | 03-ai-moat   | Cache MISS - calling API
[03:59:44] API    | 01-phase     | Calling Moonshot (Attempt 1)...
[03:59:44] INFO   | 05-sentiment | Cache MISS - calling API
[03:59:44] INFO   | 04-strategic-moat | Cache MISS - calling API
[03:59:44] API    | 02-metrics   | Calling Moonshot (Attempt 1)...
[03:59:44] INFO   | 08-risk      | Checking cache
[03:59:44] INFO   | 07-business  | Checking cache
[03:59:44] INFO   | 08-risk      | Cache MISS - calling API
[03:59:44] API    | 03-ai-moat   | Calling Moonshot (Attempt 1)...
[03:59:44] INFO   | 07-business  | Cache MISS - calling API
[03:59:44] INFO   | 06-growth    | Checking cache
[03:59:44] API    | 05-sentiment | Calling Moonshot (Attempt 1)...
[03:59:44] API    | 04-strategic-moat | Calling Moonshot (Attempt 1)...
[03:59:44] INFO   | 06-growth    | Cache MISS - calling API
[03:59:44] API    | 08-risk      | Calling Moonshot (Attempt 1)...
[03:59:44] API    | 07-business  | Calling Moonshot (Attempt 1)...
[03:59:44] API    | 06-growth    | Calling Moonshot (Attempt 1)...
[04:00:10] API    | 01-phase     | SUCCESS | Latency: 26.282397551s
[04:00:10] INFO   | 01-phase     | Complete | Tokens: 86i/1148o
[04:00:10] WARN   | 01-phase     | Cache write failed
[04:00:17] API    | 02-metrics   | SUCCESS | Latency: 33.611568354s
[04:00:18] INFO   | 02-metrics   | Complete | Tokens: 98i/1405o
[04:00:18] WARN   | 02-metrics   | Cache write failed
[04:00:27] API    | 04-strategic-moat | SUCCESS | Latency: 42.822626493s
[04:00:27] INFO   | 04-strategic-moat | Complete | Tokens: 86i/1705o
[04:00:27] WARN   | 04-strategic-moat | Cache write failed
[04:00:29] API    | 08-risk      | SUCCESS | Latency: 45.032847099s
[04:00:29] INFO   | 08-risk      | Complete | Tokens: 90i/1556o
[04:00:29] WARN   | 08-risk      | Cache write failed
[04:00:33] API    | 06-growth    | SUCCESS | Latency: 49.051867424s
[04:00:33] INFO   | 06-growth    | Complete | Tokens: 87i/1965o
[04:00:33] WARN   | 06-growth    | Cache write failed
[04:00:33] API    | 05-sentiment | SUCCESS | Latency: 49.330869310s
[04:00:33] INFO   | 05-sentiment | Complete | Tokens: 99i/2076o
[04:00:33] WARN   | 05-sentiment | Cache write failed
[04:00:44] WARN   | 03-ai-moat   | API Failure (HTTP 000)
[04:00:44] WARN   | 07-business  | API Failure (HTTP 000)
[04:00:46] API    | 03-ai-moat   | Calling Moonshot (Attempt 2)...
[04:00:46] API    | 07-business  | Calling Moonshot (Attempt 2)...
[04:02:28] INFO   | 01-phase     | Checking cache
[04:02:28] INFO   | 01-phase     | Cache MISS - calling API
[04:02:28] API    | 01-phase     | Calling Moonshot (Attempt 1)...
[04:02:49] API    | 01-phase     | SUCCESS | Latency: 21.182250140s
[04:02:49] INFO   | 01-phase     | Complete | Tokens: 86i/981o
[04:02:49] WARN   | 01-phase     | Cache write failed
[04:03:25] INFO   | 01-phase     | Checking cache
[04:03:25] INFO   | 01-phase     | Cache MISS - calling API
[04:03:25] API    | 01-phase     | Calling Moonshot (Attempt 1)...
[04:03:49] INFO   | 01-phase     | Checking cache
[04:03:49] INFO   | 01-phase     | Cache MISS - calling API
[04:03:49] API    | 01-phase     | Calling Moonshot (Attempt 1)...
[04:04:11] API    | 01-phase     | SUCCESS | Latency: 22.012167516s
[04:04:11] INFO   | 01-phase     | Complete | Tokens: 86i/943o
[04:04:11] WARN   | 01-phase     | Cache write failed
