[00:40:39] INFO   | 01-phase     | Framework execution starting
[00:40:43] INFO   | 01-phase     | Framework execution starting
[00:40:48] INFO   | 01-phase     | Framework execution starting
[00:41:01] INFO   | 01-phase     | Framework execution starting
[00:41:30] INFO   | 01-phase     | Framework execution starting
[00:41:30] INFO   | 02-metrics   | Framework execution starting
[00:41:30] INFO   | 03-ai-moat   | Framework execution starting
[00:41:30] INFO   | 05-sentiment | Framework execution starting
[00:41:30] INFO   | 04-strategic-moat | Framework execution starting
[00:41:30] INFO   | 06-growth    | Framework execution starting
[00:41:30] INFO   | 07-business  | Framework execution starting
[00:41:30] INFO   | 08-risk      | Framework execution starting
[00:42:26] INFO   | 01-phase     | Framework execution starting
[00:42:26] INFO   | 03-ai-moat   | Framework execution starting
[00:42:26] INFO   | 02-metrics   | Framework execution starting
[00:42:26] INFO   | 04-strategic-moat | Framework execution starting
[00:42:26] INFO   | 05-sentiment | Framework execution starting
[00:42:26] INFO   | 06-growth    | Framework execution starting
[00:42:26] INFO   | 07-business  | Framework execution starting
[00:42:26] INFO   | 08-risk      | Framework execution starting
[00:53:32] INFO   | 02-metrics   | Framework execution starting
[00:53:32] INFO   | 01-phase     | Framework execution starting
[00:53:32] INFO   | 03-ai-moat   | Framework execution starting
[00:53:32] INFO   | 04-strategic-moat | Framework execution starting
[00:53:32] INFO   | 07-business  | Framework execution starting
[00:53:32] INFO   | 06-growth    | Framework execution starting
[00:53:32] INFO   | 05-sentiment | Framework execution starting
[00:53:32] INFO   | 08-risk      | Framework execution starting
[00:54:23] INFO   | 01-phase     | Framework execution starting
[00:54:23] INFO   | 02-metrics   | Framework execution starting
[00:54:23] INFO   | 03-ai-moat   | Framework execution starting
[00:54:24] INFO   | 06-growth    | Framework execution starting
[00:54:24] INFO   | 04-strategic-moat | Framework execution starting
[00:54:24] INFO   | 05-sentiment | Framework execution starting
[00:54:24] INFO   | 07-business  | Framework execution starting
[00:54:24] INFO   | 08-risk      | Framework execution starting
[00:55:09] INFO   | 01-phase     | Framework execution starting
[01:11:08] INFO   | 02-metrics   | Framework execution starting
[01:11:08] INFO   | 01-phase     | Framework execution starting
[01:11:08] INFO   | 03-ai-moat   | Framework execution starting
[01:11:08] INFO   | 04-strategic-moat | Framework execution starting
[01:11:08] INFO   | 05-sentiment | Framework execution starting
[01:11:08] INFO   | 06-growth    | Framework execution starting
[01:11:08] INFO   | 07-business  | Framework execution starting
[01:11:08] INFO   | 08-risk      | Framework execution starting
[01:41:09] INFO   | 01-phase     | Framework execution starting
[01:41:09] INFO   | 02-metrics   | Framework execution starting
[01:41:09] INFO   | 03-ai-moat   | Framework execution starting
[01:41:09] INFO   | 04-strategic-moat | Framework execution starting
[01:41:09] INFO   | 05-sentiment | Framework execution starting
[01:41:09] INFO   | 06-growth    | Framework execution starting
[01:41:09] INFO   | 07-business  | Framework execution starting
[01:41:09] INFO   | 08-risk      | Framework execution starting
[03:59:44] INFO   | 01-phase     | Framework execution starting
[03:59:44] INFO   | 02-metrics   | Framework execution starting
[03:59:44] INFO   | 03-ai-moat   | Framework execution starting
[03:59:44] INFO   | 04-strategic-moat | Framework execution starting
[03:59:44] INFO   | 05-sentiment | Framework execution starting
[03:59:44] INFO   | 08-risk      | Framework execution starting
[03:59:44] INFO   | 07-business  | Framework execution starting
[03:59:44] INFO   | 06-growth    | Framework execution starting
[04:02:28] INFO   | 01-phase     | Framework execution starting
[04:03:25] INFO   | 01-phase     | Framework execution starting
[04:03:49] INFO   | 01-phase     | Framework execution starting
[04:38:08] INFO   | 01-phase     | Framework execution starting
[04:38:08] INFO   | 03-ai-moat   | Framework execution starting
[04:38:08] INFO   | 02-metrics   | Framework execution starting
[04:38:08] INFO   | 04-strategic-moat | Framework execution starting
[04:38:08] INFO   | 06-growth    | Framework execution starting
[04:38:08] INFO   | 07-business  | Framework execution starting
[04:38:08] INFO   | 05-sentiment | Framework execution starting
[04:38:08] INFO   | 08-risk      | Framework execution starting
[04:47:47] INFO   | 01-phase     | Framework execution starting
[04:47:48] INFO   | 02-metrics   | Framework execution starting
[04:47:48] INFO   | 03-ai-moat   | Framework execution starting
[04:47:48] INFO   | 04-strategic-moat | Framework execution starting
[04:47:48] INFO   | 05-sentiment | Framework execution starting
[04:47:48] INFO   | 06-growth    | Framework execution starting
[04:47:48] INFO   | 07-business  | Framework execution starting
[04:47:48] INFO   | 08-risk      | Framework execution starting
[05:55:27] INFO   | 01-phase     | Framework execution starting
[05:55:27] INFO   | 02-metrics   | Framework execution starting
[05:55:27] INFO   | 04-strategic-moat | Framework execution starting
[05:55:27] INFO   | 03-ai-moat   | Framework execution starting
[05:55:27] INFO   | 05-sentiment | Framework execution starting
[05:55:27] INFO   | 06-growth    | Framework execution starting
[05:55:27] INFO   | 08-risk      | Framework execution starting
[05:55:27] INFO   | 07-business  | Framework execution starting
