[01:10:54] INFO   | MAIN         | === Analysis Start: PSTG ===
[01:10:54] INFO   | MAIN         | Mode: --live
[01:10:54] INFO   | FETCH        | Starting data fetch for PSTG
[01:10:54] INFO   | FETCH        | Starting data fetch for PSTG
[01:10:54] INFO   | FETCH        | Attempting Alpha Vantage fetch
[01:10:54] INFO   | FETCH        | Alpha Vantage quote | Latency: .133907826s
[01:11:06] INFO   | FETCH        | Looking up SEC CIK
[01:11:07] INFO   | FETCH        | SEC CIK lookup | Latency: .359267185s
[01:11:08] INFO   | MAIN         | Starting parallel execution of 8 frameworks
[01:11:08] INFO   | 01-phase     | Launched (PID: 608760)
[01:11:08] INFO   | 02-metrics   | Launched (PID: 608765)
[01:11:08] INFO   | 03-ai-moat   | Launched (PID: 608771)
[01:11:08] INFO   | 04-strategic-moat | Launched (PID: 608787)
[01:11:08] INFO   | 05-sentiment | Launched (PID: 608801)
[01:11:08] INFO   | 06-growth    | Launched (PID: 608820)
[01:11:08] INFO   | 07-business  | Launched (PID: 608839)
[01:11:08] INFO   | 08-risk      | Launched (PID: 608866)
[01:11:08] INFO   | 02-metrics   | Checking cache
[01:11:08] INFO   | 02-metrics   | Cache MISS - calling API
[01:11:08] INFO   | 01-phase     | Checking cache
[01:11:08] INFO   | 03-ai-moat   | Checking cache
[01:11:08] INFO   | 03-ai-moat   | Cache MISS - calling API
[01:11:08] INFO   | 01-phase     | Cache MISS - calling API
[01:11:08] API    | 02-metrics   | Calling Moonshot (Attempt 1)...
[01:11:08] INFO   | 04-strategic-moat | Checking cache
[01:11:08] INFO   | 04-strategic-moat | Cache MISS - calling API
[01:11:08] INFO   | 07-business  | Checking cache
[01:11:08] INFO   | 05-sentiment | Checking cache
[01:11:08] INFO   | 07-business  | Cache MISS - calling API
[01:11:08] API    | 03-ai-moat   | Calling Moonshot (Attempt 1)...
[01:11:08] INFO   | 06-growth    | Checking cache
[01:11:08] INFO   | 05-sentiment | Cache MISS - calling API
[01:11:08] INFO   | 06-growth    | Cache MISS - calling API
[01:11:08] API    | 01-phase     | Calling Moonshot (Attempt 1)...
[01:11:08] INFO   | 08-risk      | Checking cache
[01:11:08] API    | 04-strategic-moat | Calling Moonshot (Attempt 1)...
[01:11:08] INFO   | 08-risk      | Cache MISS - calling API
[01:11:09] API    | 05-sentiment | Calling Moonshot (Attempt 1)...
[01:11:09] API    | 07-business  | Calling Moonshot (Attempt 1)...
[01:11:09] API    | 06-growth    | Calling Moonshot (Attempt 1)...
[01:11:09] API    | 08-risk      | Calling Moonshot (Attempt 1)...
[01:11:42] API    | 05-sentiment | SUCCESS | Latency: 33.756173006s
[01:11:42] INFO   | 05-sentiment | Complete | Tokens: 99i/1676o
[01:11:42] WARN   | 05-sentiment | Cache write failed
[01:11:43] API    | 01-phase     | SUCCESS | Latency: 34.825546050s
[01:11:43] INFO   | 01-phase     | Complete | Tokens: 86i/1723o
[01:11:43] WARN   | 01-phase     | Cache write failed
[01:11:45] API    | 06-growth    | SUCCESS | Latency: 36.560065945s
[01:11:45] INFO   | 06-growth    | Complete | Tokens: 87i/1611o
[01:11:45] WARN   | 06-growth    | Cache write failed
[01:11:47] API    | 07-business  | SUCCESS | Latency: 38.748789197s
[01:11:47] INFO   | 07-business  | Complete | Tokens: 97i/1963o
[01:11:47] WARN   | 07-business  | Cache write failed
[01:11:48] API    | 02-metrics   | SUCCESS | Latency: 39.484196060s
[01:11:48] INFO   | 02-metrics   | Complete | Tokens: 98i/2039o
[01:11:48] WARN   | 02-metrics   | Cache write failed
[01:11:50] API    | 04-strategic-moat | SUCCESS | Latency: 41.029556090s
[01:11:50] INFO   | 04-strategic-moat | Complete | Tokens: 86i/1769o
[01:11:50] WARN   | 04-strategic-moat | Cache write failed
[01:12:07] API    | 08-risk      | SUCCESS | Latency: 58.801012949s
[01:12:07] INFO   | 08-risk      | Complete | Tokens: 90i/2575o
[01:12:07] WARN   | 08-risk      | Cache write failed
[01:12:08] WARN   | 03-ai-moat   | API Failure (HTTP 000)
[01:12:11] API    | 03-ai-moat   | Calling Moonshot (Attempt 2)...
[01:12:45] API    | 03-ai-moat   | SUCCESS | Latency: 34.744000566s
[01:12:45] INFO   | 03-ai-moat   | Complete | Tokens: 123i/1563o
[01:12:45] WARN   | 03-ai-moat   | Cache write failed
[01:12:45] INFO   | MAIN         | Frameworks complete | Success: 8/8 | Time: 97s
[01:12:45] INFO   | SYNTH        | Starting synthesis phase
[01:12:45] API    | CMD          | Calling Moonshot (Attempt 1)...
[01:41:09] INFO   | MAIN         | === Analysis Start: PSTG ===
[01:41:09] INFO   | MAIN         | Mode: --live
[01:41:09] INFO   | MAIN         | Starting parallel execution of 8 frameworks
[01:41:09] INFO   | 01-phase     | Launched (PID: 615421)
[01:41:09] INFO   | 02-metrics   | Launched (PID: 615426)
[01:41:09] INFO   | 03-ai-moat   | Launched (PID: 615437)
[01:41:09] INFO   | 04-strategic-moat | Launched (PID: 615446)
[01:41:09] INFO   | 05-sentiment | Launched (PID: 615458)
[01:41:09] INFO   | 06-growth    | Launched (PID: 615470)
[01:41:09] INFO   | 07-business  | Launched (PID: 615492)
[01:41:09] INFO   | 08-risk      | Launched (PID: 615511)
[01:41:09] INFO   | 01-phase     | Checking cache
[01:41:09] INFO   | 02-metrics   | Checking cache
[01:41:09] INFO   | 03-ai-moat   | Checking cache
[01:41:09] INFO   | 04-strategic-moat | Checking cache
[01:41:09] INFO   | 01-phase     | Cache MISS - calling API
[01:41:09] INFO   | 02-metrics   | Cache MISS - calling API
[01:41:09] INFO   | 03-ai-moat   | Cache MISS - calling API
[01:41:09] INFO   | 05-sentiment | Checking cache
[01:41:09] INFO   | 06-growth    | Checking cache
[01:41:09] INFO   | 04-strategic-moat | Cache MISS - calling API
[01:41:10] INFO   | 07-business  | Checking cache
[01:41:10] INFO   | 05-sentiment | Cache MISS - calling API
[01:41:10] API    | 01-phase     | Calling Moonshot (Attempt 1)...
[01:41:10] API    | 02-metrics   | Calling Moonshot (Attempt 1)...
[01:41:10] API    | 03-ai-moat   | Calling Moonshot (Attempt 1)...
[01:41:10] INFO   | 08-risk      | Checking cache
[01:41:10] INFO   | 07-business  | Cache MISS - calling API
[01:41:10] INFO   | 06-growth    | Cache MISS - calling API
[01:41:10] API    | 04-strategic-moat | Calling Moonshot (Attempt 1)...
[01:41:10] API    | 05-sentiment | Calling Moonshot (Attempt 1)...
[01:41:10] INFO   | 08-risk      | Cache MISS - calling API
[01:41:10] API    | 07-business  | Calling Moonshot (Attempt 1)...
[01:41:10] API    | 06-growth    | Calling Moonshot (Attempt 1)...
[01:41:10] API    | 08-risk      | Calling Moonshot (Attempt 1)...
[01:41:32] API    | 02-metrics   | SUCCESS | Latency: 22.899013379s
[01:41:32] INFO   | 02-metrics   | Complete | Tokens: 98i/1088o
[01:41:33] WARN   | 02-metrics   | Cache write failed
[01:41:37] API    | 04-strategic-moat | SUCCESS | Latency: 27.506279308s
[01:41:37] INFO   | 04-strategic-moat | Complete | Tokens: 86i/1326o
[01:41:37] WARN   | 04-strategic-moat | Cache write failed
[01:41:38] API    | 05-sentiment | SUCCESS | Latency: 28.497254715s
[01:41:38] INFO   | 05-sentiment | Complete | Tokens: 99i/1370o
[01:41:38] WARN   | 05-sentiment | Cache write failed
[01:41:40] API    | 01-phase     | SUCCESS | Latency: 30.902886397s
[01:41:41] INFO   | 01-phase     | Complete | Tokens: 86i/1501o
[01:41:41] WARN   | 01-phase     | Cache write failed
[01:41:56] API    | 08-risk      | SUCCESS | Latency: 45.907010864s
[01:41:56] INFO   | 08-risk      | Complete | Tokens: 90i/2288o
[01:41:56] WARN   | 08-risk      | Cache write failed
[01:41:57] API    | 06-growth    | SUCCESS | Latency: 47.018489958s
[01:41:57] INFO   | 06-growth    | Complete | Tokens: 87i/2511o
[01:41:57] WARN   | 06-growth    | Cache write failed
[01:42:08] API    | 03-ai-moat   | SUCCESS | Latency: 58.174670397s
[01:42:08] INFO   | 03-ai-moat   | Complete | Tokens: 123i/3200o
[01:42:08] WARN   | 03-ai-moat   | Cache write failed
[01:42:10] WARN   | 07-business  | API Failure (HTTP 000)
[01:42:12] API    | 07-business  | Calling Moonshot (Attempt 2)...
[01:43:12] WARN   | 07-business  | API Failure (HTTP 000)
[01:43:16] API    | 07-business  | Calling Moonshot (Attempt 3)...
[01:46:34] INFO   | SYNTH        | Starting synthesis for PSTG
[01:46:34] API    | 09-synthesis | Calling Moonshot (Attempt 1)...
[01:47:34] WARN   | 09-synthesis | API Failure (HTTP 000)
[01:47:36] API    | 09-synthesis | Calling Moonshot (Attempt 2)...
